{
  "uid" : "b7d7a771436c08a2",
  "name" : "test_login_fail_spark[case0]",
  "fullName" : "Test_Cases.test_login.Test_login#test_login_fail_spark",
  "historyId" : "b25e5cb4259ffee6e487779d30980285",
  "time" : {
    "start" : 1666078080297,
    "stop" : 1666078081439,
    "duration" : 1142
  },
  "status" : "passed",
  "flaky" : false,
  "newFailed" : false,
  "newBroken" : false,
  "newPassed" : false,
  "retriesCount" : 9,
  "retriesStatusChange" : true,
  "beforeStages" : [ {
    "name" : "init",
    "time" : {
      "start" : 1666078077086,
      "stop" : 1666078080296,
      "duration" : 3210
    },
    "status" : "passed",
    "steps" : [ ],
    "attachments" : [ ],
    "parameters" : [ ],
    "stepsCount" : 0,
    "hasContent" : false,
    "shouldDisplayMessage" : false,
    "attachmentsCount" : 0
  }, {
    "name" : "init",
    "time" : {
      "start" : 1666078083642,
      "stop" : 1666078086837,
      "duration" : 3195
    },
    "status" : "passed",
    "steps" : [ ],
    "attachments" : [ ],
    "parameters" : [ ],
    "stepsCount" : 0,
    "hasContent" : false,
    "shouldDisplayMessage" : false,
    "attachmentsCount" : 0
  } ],
  "afterStages" : [ {
    "name" : "init::0",
    "time" : {
      "start" : 1666078081441,
      "stop" : 1666078083630,
      "duration" : 2189
    },
    "status" : "passed",
    "steps" : [ ],
    "attachments" : [ ],
    "parameters" : [ ],
    "stepsCount" : 0,
    "hasContent" : false,
    "shouldDisplayMessage" : false,
    "attachmentsCount" : 0
  }, {
    "name" : "init::0",
    "time" : {
      "start" : 1666078087992,
      "stop" : 1666078090198,
      "duration" : 2206
    },
    "status" : "passed",
    "steps" : [ ],
    "attachments" : [ ],
    "parameters" : [ ],
    "stepsCount" : 0,
    "hasContent" : false,
    "shouldDisplayMessage" : false,
    "attachmentsCount" : 0
  } ],
  "labels" : [ {
    "name" : "tag",
    "value" : "@pytest.mark.usefixtures('init')"
  }, {
    "name" : "parentSuite",
    "value" : "Test_Cases"
  }, {
    "name" : "suite",
    "value" : "test_login"
  }, {
    "name" : "subSuite",
    "value" : "Test_login"
  }, {
    "name" : "host",
    "value" : "DESKTOP-41KMUJO"
  }, {
    "name" : "thread",
    "value" : "14364-MainThread"
  }, {
    "name" : "framework",
    "value" : "pytest"
  }, {
    "name" : "language",
    "value" : "cpython3"
  }, {
    "name" : "package",
    "value" : "Test_Cases.test_login"
  }, {
    "name" : "resultFormat",
    "value" : "allure2"
  } ],
  "parameters" : [ {
    "name" : "case",
    "value" : "{'username': '', 'passwd': '123456', 'check': 'Please enter your username and password.'}"
  } ],
  "links" : [ ],
  "hidden" : false,
  "retry" : false,
  "extra" : {
    "severity" : "normal",
    "retries" : [ {
      "uid" : "9775d82d1600bc4",
      "status" : "passed",
      "time" : {
        "start" : 1666076146196,
        "stop" : 1666076147382,
        "duration" : 1186
      }
    }, {
      "uid" : "80626a77e10598c3",
      "status" : "passed",
      "time" : {
        "start" : 1666076069772,
        "stop" : 1666076071004,
        "duration" : 1232
      }
    }, {
      "uid" : "20a82304af61dba7",
      "status" : "broken",
      "statusDetails" : "selenium.common.exceptions.WebDriverException: Message: unknown error: cannot find Chrome binary\nStacktrace:\nBacktrace:\n\tOrdinal0 [0x00BDDF13+2219795]\n\tOrdinal0 [0x00B72841+1779777]\n\tOrdinal0 [0x00A8423D+803389]\n\tOrdinal0 [0x00AA0EC0+921280]\n\tOrdinal0 [0x00A9F179+913785]\n\tOrdinal0 [0x00AD36B9+1128121]\n\tOrdinal0 [0x00AD331A+1127194]\n\tOrdinal0 [0x00ACE616+1107478]\n\tOrdinal0 [0x00AA7F89+950153]\n\tOrdinal0 [0x00AA8F56+954198]\n\tGetHandleVerifier [0x00ED2CB2+3040210]\n\tGetHandleVerifier [0x00EC2BB4+2974420]\n\tGetHandleVerifier [0x00C76A0A+565546]\n\tGetHandleVerifier [0x00C75680+560544]\n\tOrdinal0 [0x00B79A5C+1808988]\n\tOrdinal0 [0x00B7E3A8+1827752]\n\tOrdinal0 [0x00B7E495+1827989]\n\tOrdinal0 [0x00B880A4+1867940]\n\tBaseThreadInitThunk [0x761BFA29+25]\n\tRtlGetAppContainerNamedObjectPath [0x77217B5E+286]\n\tRtlGetAppContainerNamedObjectPath [0x77217B2E+238]",
      "time" : {
        "start" : 1666059980210,
        "stop" : 1666059980210,
        "duration" : 0
      }
    }, {
      "uid" : "450720d3d3ebbe1",
      "status" : "broken",
      "statusDetails" : "selenium.common.exceptions.WebDriverException: Message: unknown error: cannot find Chrome binary\nStacktrace:\nBacktrace:\n\tOrdinal0 [0x00BDDF13+2219795]\n\tOrdinal0 [0x00B72841+1779777]\n\tOrdinal0 [0x00A8423D+803389]\n\tOrdinal0 [0x00AA0EC0+921280]\n\tOrdinal0 [0x00A9F179+913785]\n\tOrdinal0 [0x00AD36B9+1128121]\n\tOrdinal0 [0x00AD331A+1127194]\n\tOrdinal0 [0x00ACE616+1107478]\n\tOrdinal0 [0x00AA7F89+950153]\n\tOrdinal0 [0x00AA8F56+954198]\n\tGetHandleVerifier [0x00ED2CB2+3040210]\n\tGetHandleVerifier [0x00EC2BB4+2974420]\n\tGetHandleVerifier [0x00C76A0A+565546]\n\tGetHandleVerifier [0x00C75680+560544]\n\tOrdinal0 [0x00B79A5C+1808988]\n\tOrdinal0 [0x00B7E3A8+1827752]\n\tOrdinal0 [0x00B7E495+1827989]\n\tOrdinal0 [0x00B880A4+1867940]\n\tBaseThreadInitThunk [0x761BFA29+25]\n\tRtlGetAppContainerNamedObjectPath [0x77217B5E+286]\n\tRtlGetAppContainerNamedObjectPath [0x77217B2E+238]",
      "time" : {
        "start" : 1666059962799,
        "stop" : 1666059962799,
        "duration" : 0
      }
    }, {
      "uid" : "c86b4bc37fc7ab55",
      "status" : "passed",
      "time" : {
        "start" : 1666058376166,
        "stop" : 1666058377393,
        "duration" : 1227
      }
    }, {
      "uid" : "580889b7ea6fe1e7",
      "status" : "passed",
      "time" : {
        "start" : 1666058095108,
        "stop" : 1666058096262,
        "duration" : 1154
      }
    }, {
      "uid" : "4fc8ede579d3148b",
      "status" : "passed",
      "time" : {
        "start" : 1665988408730,
        "stop" : 1665988409898,
        "duration" : 1168
      }
    }, {
      "uid" : "477dafde74bcf6d2",
      "status" : "passed",
      "time" : {
        "start" : 1665473787620,
        "stop" : 1665473788772,
        "duration" : 1152
      }
    }, {
      "uid" : "5969b2e9cc54a12b",
      "status" : "passed",
      "time" : {
        "start" : 1665473641000,
        "stop" : 1665473642165,
        "duration" : 1165
      }
    } ],
    "categories" : [ ],
    "tags" : [ "@pytest.mark.usefixtures('init')" ]
  },
  "source" : "b7d7a771436c08a2.json",
  "parameterValues" : [ "{'username': '', 'passwd': '123456', 'check': 'Please enter your username and password.'}" ]
}